Wed Jan 17 12:25:21 2024 - Synchronization started.
Wed Jan 17 12:25:21 2024 - Deleted: Nový Textový dokument.txt
Wed Jan 17 12:25:21 2024 - Synchronization complete.
Wed Jan 17 12:25:22 2024 - Synchronization started.
Wed Jan 17 12:25:22 2024 - Synchronization complete.
Wed Jan 17 12:25:23 2024 - Synchronization started.
Wed Jan 17 12:25:23 2024 - Synchronization complete.
Wed Jan 17 12:25:24 2024 - Synchronization started.
Wed Jan 17 12:25:24 2024 - Synchronization complete.
Wed Jan 17 12:25:25 2024 - Synchronization started.
Wed Jan 17 12:25:25 2024 - Synchronization complete.
Wed Jan 17 12:25:26 2024 - Synchronization started.
Wed Jan 17 12:25:26 2024 - Synchronization complete.
Wed Jan 17 12:25:27 2024 - Synchronization started.
Wed Jan 17 12:25:27 2024 - Synchronization complete.
Wed Jan 17 12:25:28 2024 - Synchronization started.
Wed Jan 17 12:25:28 2024 - Synchronization complete.
Wed Jan 17 12:25:29 2024 - Synchronization started.
Wed Jan 17 12:25:29 2024 - Synchronization complete.
Wed Jan 17 12:25:30 2024 - Synchronization started.
Wed Jan 17 12:25:30 2024 - Synchronization complete.
Wed Jan 17 12:25:31 2024 - Synchronization started.
Wed Jan 17 12:25:31 2024 - Synchronization complete.
Wed Jan 17 12:25:32 2024 - Synchronization started.
Wed Jan 17 12:25:32 2024 - Synchronization complete.
Wed Jan 17 12:25:33 2024 - Synchronization started.
Wed Jan 17 12:25:33 2024 - Synchronization complete.
Wed Jan 17 12:25:34 2024 - Synchronization started.
Wed Jan 17 12:25:34 2024 - Synchronization complete.
Wed Jan 17 12:25:35 2024 - Synchronization started.
Wed Jan 17 12:25:35 2024 - Synchronization complete.
Wed Jan 17 12:25:36 2024 - Synchronization started.
Wed Jan 17 12:25:36 2024 - Synchronization complete.
Wed Jan 17 12:25:37 2024 - Synchronization started.
Wed Jan 17 12:25:37 2024 - Synchronization complete.
Wed Jan 17 12:25:38 2024 - Synchronization started.
Wed Jan 17 12:25:38 2024 - Synchronization complete.
Wed Jan 17 12:25:39 2024 - Synchronization started.
Wed Jan 17 12:25:39 2024 - Synchronization complete.
Wed Jan 17 12:25:40 2024 - Synchronization started.
Wed Jan 17 12:25:40 2024 - Synchronization complete.
Wed Jan 17 12:25:41 2024 - Synchronization started.
Wed Jan 17 12:25:41 2024 - Synchronization complete.
Wed Jan 17 12:25:42 2024 - Synchronization started.
Wed Jan 17 12:25:42 2024 - Synchronization complete.
Wed Jan 17 12:25:43 2024 - Synchronization started.
Wed Jan 17 12:25:43 2024 - Synchronization complete.
Wed Jan 17 12:25:44 2024 - Synchronization started.
Wed Jan 17 12:25:44 2024 - Synchronization complete.
Wed Jan 17 12:25:45 2024 - Synchronization started.
Wed Jan 17 12:25:45 2024 - Synchronization complete.
Wed Jan 17 12:25:46 2024 - Synchronization started.
Wed Jan 17 12:25:46 2024 - Synchronization complete.
Wed Jan 17 12:25:47 2024 - Synchronization started.
Wed Jan 17 12:25:47 2024 - Synchronization complete.
Wed Jan 17 12:25:48 2024 - Synchronization started.
Wed Jan 17 12:25:48 2024 - Synchronization complete.
Wed Jan 17 12:25:49 2024 - Synchronization started.
Wed Jan 17 12:25:49 2024 - Synchronization complete.
Wed Jan 17 12:25:50 2024 - Synchronization started.
Wed Jan 17 12:25:50 2024 - Synchronization complete.
Wed Jan 17 12:25:51 2024 - Synchronization started.
Wed Jan 17 12:25:51 2024 - Synchronization complete.
Wed Jan 17 12:25:52 2024 - Synchronization started.
Wed Jan 17 12:25:52 2024 - Synchronization complete.
Wed Jan 17 12:25:53 2024 - Synchronization started.
Wed Jan 17 12:25:53 2024 - Synchronization complete.
Wed Jan 17 12:25:54 2024 - Synchronization started.
Wed Jan 17 12:25:54 2024 - Synchronization complete.
Wed Jan 17 12:25:55 2024 - Synchronization started.
Wed Jan 17 12:25:55 2024 - Synchronization complete.
Wed Jan 17 12:25:56 2024 - Synchronization started.
Wed Jan 17 12:25:56 2024 - Synchronization complete.
Wed Jan 17 12:25:57 2024 - Synchronization started.
Wed Jan 17 12:25:57 2024 - Synchronization complete.
Wed Jan 17 12:25:58 2024 - Synchronization started.
Wed Jan 17 12:25:58 2024 - Synchronization complete.
Wed Jan 17 12:25:59 2024 - Synchronization started.
Wed Jan 17 12:25:59 2024 - Synchronization complete.
Wed Jan 17 12:26:00 2024 - Synchronization started.
Wed Jan 17 12:26:00 2024 - Synchronization complete.
Wed Jan 17 12:26:01 2024 - Synchronization started.
Wed Jan 17 12:26:01 2024 - Synchronization complete.
Wed Jan 17 12:26:02 2024 - Synchronization started.
Wed Jan 17 12:26:02 2024 - Synchronization complete.
Wed Jan 17 12:26:03 2024 - Synchronization started.
Wed Jan 17 12:26:03 2024 - Synchronization complete.
Wed Jan 17 12:26:04 2024 - Synchronization started.
Wed Jan 17 12:26:04 2024 - Synchronization complete.
Wed Jan 17 12:26:05 2024 - Synchronization started.
Wed Jan 17 12:26:05 2024 - Synchronization complete.
Wed Jan 17 12:26:06 2024 - Synchronization started.
Wed Jan 17 12:26:06 2024 - Synchronization complete.
Wed Jan 17 12:26:07 2024 - Synchronization started.
Wed Jan 17 12:26:07 2024 - Synchronization complete.
Wed Jan 17 12:26:08 2024 - Synchronization started.
Wed Jan 17 12:26:08 2024 - Synchronization complete.
Wed Jan 17 12:26:09 2024 - Synchronization started.
Wed Jan 17 12:26:09 2024 - Synchronization complete.
Wed Jan 17 12:26:10 2024 - Synchronization started.
Wed Jan 17 12:26:10 2024 - Synchronization complete.
Wed Jan 17 12:26:11 2024 - Synchronization started.
Wed Jan 17 12:26:11 2024 - Synchronization complete.
Wed Jan 17 12:26:12 2024 - Synchronization started.
Wed Jan 17 12:26:12 2024 - Synchronization complete.
Wed Jan 17 12:26:26 2024 - Synchronization started.
Wed Jan 17 12:26:26 2024 - Synchronization complete.
Wed Jan 17 12:26:36 2024 - Synchronization started.
Wed Jan 17 12:26:36 2024 - Synchronization complete.
Wed Jan 17 12:26:46 2024 - Synchronization started.
Wed Jan 17 12:26:46 2024 - Synchronization complete.
Wed Jan 17 12:26:56 2024 - Synchronization started.
Wed Jan 17 12:26:56 2024 - Modified: TestFile2.txt
Wed Jan 17 12:26:56 2024 - Synchronization complete.
Wed Jan 17 12:27:06 2024 - Synchronization started.
Wed Jan 17 12:27:06 2024 - Synchronization complete.
Wed Jan 17 12:27:16 2024 - Synchronization started.
Wed Jan 17 12:27:16 2024 - Synchronization complete.
Wed Jan 17 12:27:26 2024 - Synchronization started.
Wed Jan 17 12:27:26 2024 - Synchronization complete.
Wed Jan 17 12:27:36 2024 - Synchronization started.
Wed Jan 17 12:27:36 2024 - Deleted: TestFile1.txt
Wed Jan 17 12:27:36 2024 - Deleted: TestFile2.txt
Wed Jan 17 12:27:36 2024 - Synchronization complete.
Wed Jan 17 12:27:46 2024 - Synchronization started.
Wed Jan 17 12:27:46 2024 - Synchronization complete.
Wed Jan 17 12:27:56 2024 - Synchronization started.
Wed Jan 17 12:27:56 2024 - Synchronization complete.
Wed Jan 17 12:28:06 2024 - Synchronization started.
Wed Jan 17 12:28:06 2024 - Synchronization complete.
Wed Jan 17 15:28:17 2024 - Synchronization started.
Wed Jan 17 15:28:17 2024 - Synchronization complete.
Thu Jan 18 10:12:46 2024 - Synchronization started.
Thu Jan 18 10:12:46 2024 - Synchronization complete.
Thu Jan 18 10:12:56 2024 - Synchronization started.
Thu Jan 18 10:12:56 2024 - Synchronization complete.
Thu Jan 18 10:13:06 2024 - Synchronization started.
Thu Jan 18 10:13:06 2024 - Synchronization complete.
Thu Jan 18 10:19:18 2024 - Synchronization started.
Thu Jan 18 10:19:18 2024 - Synchronization complete.
Thu Jan 18 10:19:28 2024 - Synchronization started.
Thu Jan 18 10:19:28 2024 - Synchronization complete.
Thu Jan 18 10:19:38 2024 - Synchronization started.
Thu Jan 18 10:19:38 2024 - Synchronization complete.
Thu Jan 18 10:19:48 2024 - Synchronization started.
Thu Jan 18 10:19:48 2024 - Synchronization complete.
Thu Jan 18 10:31:18 2024 - Synchronization started.
Thu Jan 18 10:31:18 2024 - Synchronization complete.
Thu Jan 18 10:31:28 2024 - Synchronization started.
Thu Jan 18 10:31:28 2024 - Synchronization complete.
Thu Jan 18 10:31:38 2024 - Synchronization started.
Thu Jan 18 10:31:38 2024 - Synchronization complete.
Thu Jan 18 10:31:48 2024 - Synchronization started.
Thu Jan 18 10:31:48 2024 - Synchronization complete.
Thu Jan 18 10:31:58 2024 - Synchronization started.
Thu Jan 18 10:31:58 2024 - Synchronization complete.
Thu Jan 18 10:32:08 2024 - Synchronization started.
Thu Jan 18 10:32:08 2024 - Synchronization complete.
Thu Jan 18 10:32:18 2024 - Synchronization started.
Thu Jan 18 10:32:18 2024 - Created: TestDir\TestFile2.txt
Thu Jan 18 10:41:03 2024 - Synchronization started.
Thu Jan 18 10:46:25 2024 - Synchronization started.
Thu Jan 18 10:46:25 2024 - Created: TestDir\TestFile2.txt
Thu Jan 18 10:46:25 2024 - Synchronization complete.
Thu Jan 18 10:46:35 2024 - Synchronization started.
Thu Jan 18 10:46:35 2024 - Synchronization complete.
Thu Jan 18 10:46:45 2024 - Synchronization started.
Thu Jan 18 10:46:45 2024 - Synchronization complete.
Thu Jan 18 10:46:55 2024 - Synchronization started.
Thu Jan 18 10:46:55 2024 - Synchronization complete.
Thu Jan 18 10:47:05 2024 - Synchronization started.
Thu Jan 18 10:47:05 2024 - Created: TestDir\TestDir2\TestDir3\Nový Textový dokument.txt
Thu Jan 18 10:47:05 2024 - Synchronization complete.
Thu Jan 18 10:47:15 2024 - Synchronization started.
Thu Jan 18 10:47:15 2024 - Synchronization complete.
Thu Jan 18 10:47:25 2024 - Synchronization started.
Thu Jan 18 10:47:25 2024 - Synchronization complete.
Thu Jan 18 10:47:35 2024 - Synchronization started.
Thu Jan 18 10:47:35 2024 - Synchronization complete.
Thu Jan 18 10:47:45 2024 - Synchronization started.
Thu Jan 18 10:47:45 2024 - Created: TestDir\TestDir2\TestDir3\TestFile3.txt
Thu Jan 18 10:47:45 2024 - Deleted: TestDir\TestDir2\TestDir3\Nový Textový dokument.txt
Thu Jan 18 10:47:45 2024 - Synchronization complete.
Thu Jan 18 10:47:55 2024 - Synchronization started.
Thu Jan 18 10:47:55 2024 - Synchronization complete.
Thu Jan 18 10:48:05 2024 - Synchronization started.
Thu Jan 18 10:48:05 2024 - Synchronization complete.
Thu Jan 18 10:48:15 2024 - Synchronization started.
Thu Jan 18 10:48:15 2024 - Synchronization complete.
Thu Jan 18 10:48:25 2024 - Synchronization started.
Thu Jan 18 10:48:25 2024 - Synchronization complete.
Thu Jan 18 10:48:35 2024 - Synchronization started.
Thu Jan 18 10:48:35 2024 - Synchronization complete.
Thu Jan 18 10:48:45 2024 - Synchronization started.
Thu Jan 18 10:48:45 2024 - Synchronization complete.
Thu Jan 18 10:48:55 2024 - Synchronization started.
Thu Jan 18 10:48:55 2024 - Synchronization complete.
Thu Jan 18 10:49:05 2024 - Synchronization started.
Thu Jan 18 10:49:05 2024 - Synchronization complete.
Thu Jan 18 10:49:15 2024 - Synchronization started.
Thu Jan 18 10:49:15 2024 - Synchronization complete.
Thu Jan 18 10:49:25 2024 - Synchronization started.
Thu Jan 18 10:49:25 2024 - Synchronization complete.
Thu Jan 18 10:49:35 2024 - Synchronization started.
Thu Jan 18 10:49:35 2024 - Synchronization complete.
Thu Jan 18 10:49:45 2024 - Synchronization started.
Thu Jan 18 10:49:45 2024 - Synchronization complete.
Thu Jan 18 10:49:55 2024 - Synchronization started.
Thu Jan 18 10:49:55 2024 - Synchronization complete.
Thu Jan 18 10:50:05 2024 - Synchronization started.
Thu Jan 18 10:50:05 2024 - Synchronization complete.
Thu Jan 18 10:50:15 2024 - Synchronization started.
Thu Jan 18 10:50:15 2024 - Synchronization complete.
Thu Jan 18 10:50:25 2024 - Synchronization started.
Thu Jan 18 10:50:25 2024 - Synchronization complete.
Thu Jan 18 10:50:35 2024 - Synchronization started.
Thu Jan 18 10:50:35 2024 - Synchronization complete.
Thu Jan 18 10:50:45 2024 - Synchronization started.
Thu Jan 18 10:50:45 2024 - Synchronization complete.
Thu Jan 18 10:50:55 2024 - Synchronization started.
Thu Jan 18 10:50:55 2024 - Synchronization complete.
Thu Jan 18 10:51:05 2024 - Synchronization started.
Thu Jan 18 10:51:05 2024 - Synchronization complete.
Thu Jan 18 10:51:15 2024 - Synchronization started.
Thu Jan 18 10:51:15 2024 - Synchronization complete.
Thu Jan 18 10:51:25 2024 - Synchronization started.
Thu Jan 18 10:51:25 2024 - Synchronization complete.
Thu Jan 18 10:51:35 2024 - Synchronization started.
Thu Jan 18 10:51:35 2024 - Synchronization complete.
Thu Jan 18 10:51:45 2024 - Synchronization started.
Thu Jan 18 10:51:45 2024 - Synchronization complete.
Thu Jan 18 10:51:55 2024 - Synchronization started.
Thu Jan 18 10:51:55 2024 - Synchronization complete.
Thu Jan 18 10:52:05 2024 - Synchronization started.
Thu Jan 18 10:52:05 2024 - Synchronization complete.
Thu Jan 18 10:52:15 2024 - Synchronization started.
Thu Jan 18 10:52:15 2024 - Synchronization complete.
Thu Jan 18 10:52:25 2024 - Synchronization started.
Thu Jan 18 10:52:25 2024 - Synchronization complete.
Thu Jan 18 10:52:35 2024 - Synchronization started.
Thu Jan 18 10:52:35 2024 - Synchronization complete.
Thu Jan 18 10:52:45 2024 - Synchronization started.
Thu Jan 18 10:52:45 2024 - Synchronization complete.
Thu Jan 18 10:52:55 2024 - Synchronization started.
Thu Jan 18 10:52:55 2024 - Synchronization complete.
Thu Jan 18 10:53:05 2024 - Synchronization started.
Thu Jan 18 10:53:05 2024 - Synchronization complete.
Thu Jan 18 10:53:15 2024 - Synchronization started.
Thu Jan 18 10:53:15 2024 - Synchronization complete.
Thu Jan 18 10:53:25 2024 - Synchronization started.
Thu Jan 18 10:53:25 2024 - Synchronization complete.
Thu Jan 18 10:53:35 2024 - Synchronization started.
Thu Jan 18 10:53:35 2024 - Synchronization complete.
Thu Jan 18 10:53:45 2024 - Synchronization started.
Thu Jan 18 10:53:45 2024 - Synchronization complete.
Thu Jan 18 10:53:55 2024 - Synchronization started.
Thu Jan 18 10:53:55 2024 - Synchronization complete.
Thu Jan 18 10:54:05 2024 - Synchronization started.
Thu Jan 18 10:54:05 2024 - Synchronization complete.
Thu Jan 18 10:54:15 2024 - Synchronization started.
Thu Jan 18 10:54:15 2024 - Synchronization complete.
Thu Jan 18 10:54:25 2024 - Synchronization started.
Thu Jan 18 10:54:25 2024 - Synchronization complete.
Thu Jan 18 10:54:35 2024 - Synchronization started.
Thu Jan 18 10:54:35 2024 - Synchronization complete.
Thu Jan 18 10:54:45 2024 - Synchronization started.
Thu Jan 18 10:54:45 2024 - Synchronization complete.
Thu Jan 18 10:54:55 2024 - Synchronization started.
Thu Jan 18 10:54:55 2024 - Synchronization complete.
Thu Jan 18 10:55:05 2024 - Synchronization started.
Thu Jan 18 10:55:05 2024 - Synchronization complete.
Thu Jan 18 10:55:15 2024 - Synchronization started.
Thu Jan 18 10:55:15 2024 - Synchronization complete.
Thu Jan 18 10:55:25 2024 - Synchronization started.
Thu Jan 18 10:55:25 2024 - Synchronization complete.
Thu Jan 18 10:55:35 2024 - Synchronization started.
Thu Jan 18 10:55:35 2024 - Synchronization complete.
Thu Jan 18 10:55:45 2024 - Synchronization started.
Thu Jan 18 10:55:45 2024 - Synchronization complete.
Thu Jan 18 10:55:55 2024 - Synchronization started.
Thu Jan 18 10:55:55 2024 - Synchronization complete.
Thu Jan 18 10:56:05 2024 - Synchronization started.
Thu Jan 18 10:56:05 2024 - Synchronization complete.
Thu Jan 18 10:56:15 2024 - Synchronization started.
Thu Jan 18 10:56:15 2024 - Synchronization complete.
Thu Jan 18 10:56:25 2024 - Synchronization started.
Thu Jan 18 10:56:25 2024 - Synchronization complete.
Thu Jan 18 10:56:35 2024 - Synchronization started.
Thu Jan 18 10:56:35 2024 - Synchronization complete.
Thu Jan 18 10:56:45 2024 - Synchronization started.
Thu Jan 18 10:56:45 2024 - Synchronization complete.
Thu Jan 18 10:56:55 2024 - Synchronization started.
Thu Jan 18 10:56:55 2024 - Synchronization complete.
Thu Jan 18 10:57:05 2024 - Synchronization started.
Thu Jan 18 10:57:05 2024 - Synchronization complete.
Thu Jan 18 10:57:15 2024 - Synchronization started.
Thu Jan 18 10:57:15 2024 - Synchronization complete.
Thu Jan 18 10:59:49 2024 - Synchronization started.
Thu Jan 18 10:59:49 2024 - Synchronization complete.
Thu Jan 18 11:10:14 2024 - Synchronization started.
Thu Jan 18 11:10:14 2024 - Synchronization complete.
Thu Jan 18 11:10:24 2024 - Synchronization started.
Thu Jan 18 11:10:24 2024 - Synchronization complete.
Thu Jan 18 11:34:55 2024 - Synchronization started.
Thu Jan 18 11:34:55 2024 - Synchronization complete.
Thu Jan 18 11:35:05 2024 - Synchronization started.
Thu Jan 18 11:35:05 2024 - Synchronization complete.
Thu Jan 18 11:35:15 2024 - Synchronization started.
Thu Jan 18 11:35:15 2024 - Synchronization complete.
Thu Jan 18 11:35:25 2024 - Synchronization started.
Thu Jan 18 11:35:25 2024 - Synchronization complete.
Thu Jan 18 11:35:35 2024 - Synchronization started.
Thu Jan 18 11:35:35 2024 - Synchronization complete.
Thu Jan 18 11:35:45 2024 - Synchronization started.
Thu Jan 18 11:35:45 2024 - Synchronization complete.
Thu Jan 18 11:35:55 2024 - Synchronization started.
Thu Jan 18 11:35:55 2024 - Synchronization complete.
Thu Jan 18 11:36:05 2024 - Synchronization started.
Thu Jan 18 11:36:05 2024 - Synchronization complete.
Thu Jan 18 11:36:15 2024 - Synchronization started.
Thu Jan 18 11:36:15 2024 - Synchronization complete.
Thu Jan 18 11:36:25 2024 - Synchronization started.
Thu Jan 18 11:36:25 2024 - Synchronization complete.
Thu Jan 18 11:37:19 2024 - Synchronization started.
Thu Jan 18 11:37:19 2024 - Synchronization complete.
Thu Jan 18 11:53:50 2024 - Synchronization started.
Thu Jan 18 11:53:50 2024 - Synchronization complete.
Thu Jan 18 11:55:42 2024 - Synchronization started.
Thu Jan 18 11:55:42 2024 - Synchronization complete.
Thu Jan 18 12:06:07 2024 - Synchronization started.
Thu Jan 18 12:06:07 2024 - Synchronization complete.
Thu Jan 18 12:24:42 2024 - Synchronization started.
Thu Jan 18 12:24:43 2024 - Synchronization complete.
